2025-08-06 11:39:30,669 - INFO - 🚀 Starting ML Prediction Service...
2025-08-06 11:39:30,669 - INFO - Found 9 .pkl files
2025-08-06 11:39:31,236 - INFO - Loaded scaler for sell_BTCUSD_PERIOD_M5
2025-08-06 11:39:31,244 - INFO - Loaded feature names for sell_BTCUSD_PERIOD_M5
2025-08-06 11:39:31,244 - INFO - ✅ Loaded model: sell_BTCUSD_PERIOD_M5
2025-08-06 11:39:31,259 - INFO - Loaded scaler for buy_BTCUSD_PERIOD_M5
2025-08-06 11:39:31,267 - INFO - Loaded feature names for buy_BTCUSD_PERIOD_M5
2025-08-06 11:39:31,267 - INFO - ✅ Loaded model: buy_BTCUSD_PERIOD_M5
2025-08-06 11:39:31,283 - INFO - Loaded scaler for combined_BTCUSD_PERIOD_M5
2025-08-06 11:39:31,291 - INFO - Loaded feature names for combined_BTCUSD_PERIOD_M5
2025-08-06 11:39:31,291 - INFO - ✅ Loaded model: combined_BTCUSD_PERIOD_M5
2025-08-06 11:39:31,291 - INFO - 🔧 Ensuring consistent feature names across all models...
2025-08-06 11:39:31,291 - WARNING - Model sell_BTCUSD_PERIOD_M5 has 100 features, updating to 28
2025-08-06 11:39:31,291 - WARNING - Model buy_BTCUSD_PERIOD_M5 has 100 features, updating to 28
2025-08-06 11:39:31,291 - WARNING - Model combined_BTCUSD_PERIOD_M5 has 100 features, updating to 28
2025-08-06 11:39:31,291 - INFO - ✅ Updated 3 models to use consistent 28 features
2025-08-06 11:39:31,291 - INFO - ✅ Model loading completed - 3 models loaded
2025-08-06 11:39:31,291 - INFO - ML Prediction Service initialized
2025-08-06 11:39:31,291 - INFO - Models directory: ml_models
2025-08-06 11:39:31,291 - INFO - Loaded 3 models
2025-08-06 11:39:31,291 - INFO - ✅ ML Prediction Service ready
2025-08-06 11:39:31,291 - INFO - 📊 Loaded 3 models
2025-08-06 11:39:31,291 - INFO - 🌐 Starting Flask server on http://127.0.0.1:5003
 * Serving Flask app 'ml_prediction_service'
 * Debug mode: off
2025-08-06 11:39:31,295 - INFO - [31m[1mWARNING: This is a development server. Do not use it in a production deployment. Use a production WSGI server instead.[0m
 * Running on http://127.0.0.1:5003
2025-08-06 11:39:31,296 - INFO - [33mPress CTRL+C to quit[0m
2025-08-06 11:40:08,649 - INFO - 127.0.0.1 - - [06/Aug/2025 11:40:08] "GET /health HTTP/1.1" 200 -
2025-08-06 11:40:08,655 - INFO - 🔮 Prediction request - Strategy: ML_Testing_EA, Symbol: XAUUSD+, Timeframe: H1, Direction: buy
2025-08-06 11:40:08,655 - WARNING - No suitable model found for XAUUSD+ H1 buy
2025-08-06 11:40:08,655 - WARNING - Available models: ['sell_BTCUSD_PERIOD_M5', 'buy_BTCUSD_PERIOD_M5', 'combined_BTCUSD_PERIOD_M5']
2025-08-06 11:40:08,655 - INFO - 127.0.0.1 - - [06/Aug/2025 11:40:08] "[31m[1mPOST /predict HTTP/1.1[0m" 400 -
2025-08-06 11:40:08,660 - INFO - 🔮 Prediction request - Strategy: ML_Testing_EA, Symbol: XAUUSD+, Timeframe: H1, Direction: sell
2025-08-06 11:40:08,660 - WARNING - No suitable model found for XAUUSD+ H1 sell
2025-08-06 11:40:08,660 - WARNING - Available models: ['sell_BTCUSD_PERIOD_M5', 'buy_BTCUSD_PERIOD_M5', 'combined_BTCUSD_PERIOD_M5']
2025-08-06 11:40:08,661 - INFO - 127.0.0.1 - - [06/Aug/2025 11:40:08] "[31m[1mPOST /predict HTTP/1.1[0m" 400 -
2025-08-06 11:40:09,519 - INFO - 127.0.0.1 - - [06/Aug/2025 11:40:09] "GET /health HTTP/1.1" 200 -
2025-08-06 11:40:09,524 - INFO - 🔮 Prediction request - Strategy: ML_Testing_EA, Symbol: BTCUSD, Timeframe: M5, Direction: buy
2025-08-06 11:40:09,524 - INFO - Prepared 28 features for buy_BTCUSD_PERIOD_M5
2025-08-06 11:40:09,524 - WARNING - Scaler mismatch, using unscaled features: 'RandomForestClassifier' object has no attribute 'transform'
2025-08-06 11:40:09,524 - ERROR - ❌ Prediction error: X has 28 features, but RandomForestClassifier is expecting 19 features as input.
2025-08-06 11:40:09,524 - INFO - 127.0.0.1 - - [06/Aug/2025 11:40:09] "[31m[1mPOST /predict HTTP/1.1[0m" 400 -
2025-08-06 11:40:09,532 - INFO - 🔮 Prediction request - Strategy: ML_Testing_EA, Symbol: BTCUSD, Timeframe: M5, Direction: sell
2025-08-06 11:40:09,532 - INFO - Prepared 28 features for sell_BTCUSD_PERIOD_M5
2025-08-06 11:40:09,532 - WARNING - Scaler mismatch, using unscaled features: 'RandomForestClassifier' object has no attribute 'transform'
2025-08-06 11:40:09,532 - ERROR - ❌ Prediction error: X has 28 features, but RandomForestClassifier is expecting 19 features as input.
2025-08-06 11:40:09,533 - INFO - 127.0.0.1 - - [06/Aug/2025 11:40:09] "[31m[1mPOST /predict HTTP/1.1[0m" 400 -
